<?xml version="1.0" encoding="UTF-8"?>
<!-- Generated by org.testng.reporters.JUnitXMLReporter -->
<testsuite hostname="CSPLAP0165" ignored="0" name="Test" tests="5" failures="0" timestamp="20 Jun 2021 03:46:36 GMT" time="9.372" errors="0">
  <testcase name="RESTApiTest_validate_WrondCredentialsResponse" time="6.164" classname="TestCases.RestAPI"/>
  <testcase name="RESTApiTest_validate_ConfigProperties" time="0.529" classname="TestCases.RestAPI"/>
  <testcase name="RESTApiTest_validate_LoginProperties" time="0.893" classname="TestCases.RestAPI"/>
  <testcase name="RESTApiTest_validate_ForgotpwdProperties" time="0.868" classname="TestCases.RestAPI"/>
  <testcase name="RESTApiTest_validate_MainComponents" time="0.883" classname="TestCases.RestAPI"/>
</testsuite> <!-- Test -->
